<?xml version="1.0" encoding="UTF-8"?>
<!-- Generated by org.testng.reporters.JUnitXMLReporter -->
<testsuite ignored="0" hostname="SOURABH" failures="5" tests="6" name="LoginTest2" time="50.759" errors="0" timestamp="2022-05-03T14:12:46 IST">
  <testcase classname="com.commerce.testCases.TC_LoginTest_001" name="loginTest" time="11.533"/>
  <testcase classname="com.commerce.testCases.TC_LoginTestDDT_002" name="loginTest" time="3.782">
    <failure type="java.lang.AssertionError" message="Login Failed expected [true] but found [false]">
      <![CDATA[java.lang.AssertionError: Login Failed expected [true] but found [false]
at com.commerce.testCases.TC_LoginTestDDT_002.loginTest(TC_LoginTestDDT_002.java:34)
at java.base/java.util.ArrayList.forEach(ArrayList.java:1511)
... Removed 30 stack frames]]>
    </failure>
  </testcase> <!-- loginTest -->
  <testcase classname="com.commerce.testCases.TC_LoginTestDDT_002" name="loginTest" time="2.174">
    <failure type="java.lang.AssertionError" message="Login Failed expected [true] but found [false]">
      <![CDATA[java.lang.AssertionError: Login Failed expected [true] but found [false]
at com.commerce.testCases.TC_LoginTestDDT_002.loginTest(TC_LoginTestDDT_002.java:34)
at java.base/java.util.ArrayList.forEach(ArrayList.java:1511)
... Removed 30 stack frames]]>
    </failure>
  </testcase> <!-- loginTest -->
  <testcase classname="com.commerce.testCases.TC_LoginTestDDT_002" name="loginTest" time="2.243">
    <failure type="java.lang.AssertionError" message="Login Failed expected [true] but found [false]">
      <![CDATA[java.lang.AssertionError: Login Failed expected [true] but found [false]
at com.commerce.testCases.TC_LoginTestDDT_002.loginTest(TC_LoginTestDDT_002.java:34)
at java.base/java.util.ArrayList.forEach(ArrayList.java:1511)
... Removed 30 stack frames]]>
    </failure>
  </testcase> <!-- loginTest -->
  <testcase classname="com.commerce.testCases.TC_LoginTestDDT_002" name="loginTest" time="2.353">
    <failure type="java.lang.AssertionError" message="Login Failed expected [true] but found [false]">
      <![CDATA[java.lang.AssertionError: Login Failed expected [true] but found [false]
at com.commerce.testCases.TC_LoginTestDDT_002.loginTest(TC_LoginTestDDT_002.java:34)
at java.base/java.util.ArrayList.forEach(ArrayList.java:1511)
... Removed 30 stack frames]]>
    </failure>
  </testcase> <!-- loginTest -->
  <testcase classname="com.commerce.testCases.TC_AddnewCustomerTest_003" name="addNewCustomerTest" time="8.179">
    <failure type="org.openqa.selenium.ElementNotInteractableException" message="Element &amp;lt;p&amp;gt; could not be scrolled into view
Build info: version: &amp;apos;4.1.4&amp;apos;, revision: &amp;apos;535d840ee2&amp;apos;
System info: host: &amp;apos;SOURABH&amp;apos;, ip: &amp;apos;192.168.138.235&amp;apos;, os.name: &amp;apos;Windows 10&amp;apos;, os.arch: &amp;apos;amd64&amp;apos;, os.version: &amp;apos;10.0&amp;apos;, java.version: &amp;apos;17.0.2&amp;apos;
Driver info: org.openqa.selenium.firefox.FirefoxDriver
Command: [4551166b-a897-4872-852d-08fa1c403931, clickElement {id=554219cb-caaa-4bef-8dcc-248ee0ba9b72}]
Capabilities {acceptInsecureCerts: true, browserName: firefox, browserVersion: 99.0.1, javascriptEnabled: true, moz:accessibilityChecks: false, moz:buildID: 20220411174855, moz:debuggerAddress: localhost:56609, moz:geckodriverVersion: 0.31.0, moz:headless: false, moz:processID: 8924, moz:profile: C:\Users\MYHP~1\AppData\Loc..., moz:shutdownTimeout: 60000, moz:useNonSpecCompliantPointerOrigin: false, moz:webdriverClick: true, pageLoadStrategy: normal, platform: WINDOWS, platformName: WINDOWS, platformVersion: 10.0, proxy: Proxy(), se:cdp: ws://localhost:56609/devtoo..., se:cdpVersion: 85.0, setWindowRect: true, strictFileInteractability: false, timeouts: {implicit: 0, pageLoad: 300000, script: 30000}, unhandledPromptBehavior: dismiss and notify}
Element: [[FirefoxDriver: firefox on WINDOWS (4551166b-a897-4872-852d-08fa1c403931)] -&amp;gt; xpath: /html/body/div[3]/aside/div/div[4]/div/div/nav/ul/li[4]/ul/li[1]/a/p]
Session ID: 4551166b-a897-4872-852d-08fa1c403931">
      <![CDATA[org.openqa.selenium.ElementNotInteractableException: Element <p> could not be scrolled into view
Build info: version: '4.1.4', revision: '535d840ee2'
System info: host: 'SOURABH', ip: '192.168.138.235', os.name: 'Windows 10', os.arch: 'amd64', os.version: '10.0', java.version: '17.0.2'
Driver info: org.openqa.selenium.firefox.FirefoxDriver
Command: [4551166b-a897-4872-852d-08fa1c403931, clickElement {id=554219cb-caaa-4bef-8dcc-248ee0ba9b72}]
Capabilities {acceptInsecureCerts: true, browserName: firefox, browserVersion: 99.0.1, javascriptEnabled: true, moz:accessibilityChecks: false, moz:buildID: 20220411174855, moz:debuggerAddress: localhost:56609, moz:geckodriverVersion: 0.31.0, moz:headless: false, moz:processID: 8924, moz:profile: C:\Users\MYHP~1\AppData\Loc..., moz:shutdownTimeout: 60000, moz:useNonSpecCompliantPointerOrigin: false, moz:webdriverClick: true, pageLoadStrategy: normal, platform: WINDOWS, platformName: WINDOWS, platformVersion: 10.0, proxy: Proxy(), se:cdp: ws://localhost:56609/devtoo..., se:cdpVersion: 85.0, setWindowRect: true, strictFileInteractability: false, timeouts: {implicit: 0, pageLoad: 300000, script: 30000}, unhandledPromptBehavior: dismiss and notify}
Element: [[FirefoxDriver: firefox on WINDOWS (4551166b-a897-4872-852d-08fa1c403931)] -> xpath: /html/body/div[3]/aside/div/div[4]/div/div/nav/ul/li[4]/ul/li[1]/a/p]
Session ID: 4551166b-a897-4872-852d-08fa1c403931
at org.openqa.selenium.remote.codec.w3c.W3CHttpResponseCodec.createException(W3CHttpResponseCodec.java:200)
at org.openqa.selenium.remote.codec.w3c.W3CHttpResponseCodec.decode(W3CHttpResponseCodec.java:133)
at org.openqa.selenium.remote.codec.w3c.W3CHttpResponseCodec.decode(W3CHttpResponseCodec.java:53)
at org.openqa.selenium.remote.HttpCommandExecutor.execute(HttpCommandExecutor.java:184)
at org.openqa.selenium.remote.service.DriverCommandExecutor.invokeExecute(DriverCommandExecutor.java:167)
at org.openqa.selenium.remote.service.DriverCommandExecutor.execute(DriverCommandExecutor.java:142)
at org.openqa.selenium.remote.RemoteWebDriver.execute(RemoteWebDriver.java:567)
at org.openqa.selenium.remote.RemoteWebElement.execute(RemoteWebElement.java:251)
at org.openqa.selenium.remote.RemoteWebElement.click(RemoteWebElement.java:77)
at org.openqa.selenium.support.pagefactory.internal.LocatingElementHandler.invoke(LocatingElementHandler.java:52)
at jdk.proxy2/jdk.proxy2.$Proxy19.click(Unknown Source)
at com.commerce.pageObjects.AddnewCustomerPage.clickListCustomer(AddnewCustomerPage.java:99)
at com.commerce.testCases.TC_AddnewCustomerTest_003.addNewCustomerTest(TC_AddnewCustomerTest_003.java:27)
at java.base/java.util.ArrayList.forEach(ArrayList.java:1511)
... Removed 35 stack frames]]>
    </failure>
  </testcase> <!-- addNewCustomerTest -->
</testsuite> <!-- LoginTest2 -->
