<?xml version="1.0" encoding="UTF-8"?>
<!-- Generated by org.testng.reporters.JUnitXMLReporter -->
<testsuite ignored="0" hostname="SOURABH" failures="3" tests="6" name="LoginTest3" time="86.455" errors="0" timestamp="2022-05-03T14:14:13 IST">
  <testcase classname="com.commerce.testCases.TC_LoginTest_001" name="loginTest" time="11.015"/>
  <testcase classname="com.commerce.testCases.TC_LoginTestDDT_002" name="loginTest" time="11.204"/>
  <testcase classname="com.commerce.testCases.TC_LoginTestDDT_002" name="loginTest" time="1.765">
    <failure type="java.lang.AssertionError" message="Login Failed expected [true] but found [false]">
      <![CDATA[java.lang.AssertionError: Login Failed expected [true] but found [false]
at com.commerce.testCases.TC_LoginTestDDT_002.loginTest(TC_LoginTestDDT_002.java:34)
at java.base/java.util.ArrayList.forEach(ArrayList.java:1511)
... Removed 30 stack frames]]>
    </failure>
  </testcase> <!-- loginTest -->
  <testcase classname="com.commerce.testCases.TC_LoginTestDDT_002" name="loginTest" time="2.294">
    <failure type="java.lang.AssertionError" message="Login Failed expected [true] but found [false]">
      <![CDATA[java.lang.AssertionError: Login Failed expected [true] but found [false]
at com.commerce.testCases.TC_LoginTestDDT_002.loginTest(TC_LoginTestDDT_002.java:34)
at java.base/java.util.ArrayList.forEach(ArrayList.java:1511)
... Removed 30 stack frames]]>
    </failure>
  </testcase> <!-- loginTest -->
  <testcase classname="com.commerce.testCases.TC_LoginTestDDT_002" name="loginTest" time="1.699">
    <failure type="java.lang.AssertionError" message="Login Failed expected [true] but found [false]">
      <![CDATA[java.lang.AssertionError: Login Failed expected [true] but found [false]
at com.commerce.testCases.TC_LoginTestDDT_002.loginTest(TC_LoginTestDDT_002.java:34)
at java.base/java.util.ArrayList.forEach(ArrayList.java:1511)
... Removed 30 stack frames]]>
    </failure>
  </testcase> <!-- loginTest -->
  <testcase classname="com.commerce.testCases.TC_AddnewCustomerTest_003" name="addNewCustomerTest" time="51.824"/>
</testsuite> <!-- LoginTest3 -->
