<!DOCTYPE html PUBLIC "-//W3C//DTD XHTML 1.1//EN" "https://www.w3.org/TR/xhtml11/DTD/xhtml11.dtd">
<html xmlns="https://www.w3.org/1999/xhtml">
<head>
<meta http-equiv="content-type" content="text/html; charset=UTF-8"/>
<title>TestNG Report</title>
<style type="text/css">table {margin-bottom:10px;border-collapse:collapse;empty-cells:show}th,td {border:1px solid #009;padding:.25em .5em}th {vertical-align:bottom}td {vertical-align:top}table a {font-weight:bold}.stripe td {background-color: #E6EBF9}.num {text-align:right}.passedodd td {background-color: #3F3}.passedeven td {background-color: #0A0}.skippedodd td {background-color: #DDD}.skippedeven td {background-color: #CCC}.failedodd td,.attn {background-color: #F33}.failedeven td,.stripe .attn {background-color: #D00}.stacktrace {white-space:pre;font-family:monospace}.totop {font-size:85%;text-align:center;border-bottom:2px solid #000}.invisible {display:none}</style>
</head>
<body>
<table>
<tr><th>Test</th><th># Passed</th><th># Skipped</th><th># Retried</th><th># Failed</th><th>Time (ms)</th><th>Included Groups</th><th>Excluded Groups</th></tr>
<tr><th colspan="8">E-Commerce</th></tr>
<tr><td><a href="#t0">LoginTest1</a></td><td class="num">3</td><td class="num">0</td><td class="num">0</td><td class="num attn">3</td><td class="num">94,706</td><td></td><td></td></tr>
<tr class="stripe"><td><a href="#t1">LoginTest2</a></td><td class="num">1</td><td class="num">0</td><td class="num">0</td><td class="num attn">5</td><td class="num">50,759</td><td></td><td></td></tr>
<tr><td><a href="#t2">LoginTest3</a></td><td class="num">3</td><td class="num">0</td><td class="num">0</td><td class="num attn">3</td><td class="num">86,455</td><td></td><td></td></tr>
<tr><th>Total</th><th class="num">7</th><th class="num">0</th><th class="num">0</th><th class="num attn">11</th><th class="num">231,920</th><th colspan="2"></th></tr>
</table>
<table id='summary'><thead><tr><th>Class</th><th>Method</th><th>Start</th><th>Time (ms)</th></tr></thead><tbody><tr><th colspan="4">E-Commerce</th></tr></tbody><tbody id="t0"><tr><th colspan="4">LoginTest1 &#8212; failed</th></tr><tr class="failedeven"><td rowspan="3">com.commerce.testCases.TC_LoginTestDDT_002</td><td><a href="#m0">loginTest</a></td><td rowspan="3">1651567253146</td><td rowspan="3">2842</td></tr><tr class="failedeven"><td><a href="#m1">loginTest</a></td></tr><tr class="failedeven"><td><a href="#m2">loginTest</a></td></tr><tr><th colspan="4">LoginTest1 &#8212; passed</th></tr><tr class="passedeven"><td rowspan="1">com.commerce.testCases.TC_AddnewCustomerTest_003</td><td><a href="#m3">addNewCustomerTest</a></td><td rowspan="1">1651567265207</td><td rowspan="1">49212</td></tr><tr class="passedodd"><td rowspan="1">com.commerce.testCases.TC_LoginTestDDT_002</td><td><a href="#m4">loginTest</a></td><td rowspan="1">1651567241934</td><td rowspan="1">11207</td></tr><tr class="passedeven"><td rowspan="1">com.commerce.testCases.TC_LoginTest_001</td><td><a href="#m5">loginTest</a></td><td rowspan="1">1651567226637</td><td rowspan="1">10938</td></tr></tbody>
<tbody id="t1"><tr><th colspan="4">LoginTest2 &#8212; failed</th></tr><tr class="failedeven"><td rowspan="1">com.commerce.testCases.TC_AddnewCustomerTest_003</td><td><a href="#m6">addNewCustomerTest</a></td><td rowspan="1">1651567356719</td><td rowspan="1">8179</td></tr><tr class="failedodd"><td rowspan="4">com.commerce.testCases.TC_LoginTestDDT_002</td><td><a href="#m7">loginTest</a></td><td rowspan="4">1651567344273</td><td rowspan="4">2174</td></tr><tr class="failedodd"><td><a href="#m8">loginTest</a></td></tr><tr class="failedodd"><td><a href="#m9">loginTest</a></td></tr><tr class="failedodd"><td><a href="#m10">loginTest</a></td></tr><tr><th colspan="4">LoginTest2 &#8212; passed</th></tr><tr class="passedeven"><td rowspan="1">com.commerce.testCases.TC_LoginTest_001</td><td><a href="#m11">loginTest</a></td><td rowspan="1">1651567321044</td><td rowspan="1">11533</td></tr></tbody>
<tbody id="t2"><tr><th colspan="4">LoginTest3 &#8212; failed</th></tr><tr class="failedeven"><td rowspan="3">com.commerce.testCases.TC_LoginTestDDT_002</td><td><a href="#m12">loginTest</a></td><td rowspan="3">1651567394888</td><td rowspan="3">2294</td></tr><tr class="failedeven"><td><a href="#m13">loginTest</a></td></tr><tr class="failedeven"><td><a href="#m14">loginTest</a></td></tr><tr><th colspan="4">LoginTest3 &#8212; passed</th></tr><tr class="passedeven"><td rowspan="1">com.commerce.testCases.TC_AddnewCustomerTest_003</td><td><a href="#m15">addNewCustomerTest</a></td><td rowspan="1">1651567400922</td><td rowspan="1">51824</td></tr><tr class="passedodd"><td rowspan="1">com.commerce.testCases.TC_LoginTestDDT_002</td><td><a href="#m16">loginTest</a></td><td rowspan="1">1651567381913</td><td rowspan="1">11204</td></tr><tr class="passedeven"><td rowspan="1">com.commerce.testCases.TC_LoginTest_001</td><td><a href="#m17">loginTest</a></td><td rowspan="1">1651567368880</td><td rowspan="1">11015</td></tr></tbody>
</table>
<h2>LoginTest1</h2><h3 id="m0">com.commerce.testCases.TC_LoginTestDDT_002#loginTest</h3><table class="result"><tr class="param"><th>Parameter #1</th><th>Parameter #2</th></tr><tr class="param stripe"><td>admin@yourstore.com </td><td>adm</td></tr><tr><th colspan="2">Exception</th></tr><tr><td colspan="2"><div class="stacktrace">java.lang.AssertionError: Login Failed expected [true] but found [false]
	at com.commerce.testCases.TC_LoginTestDDT_002.loginTest(TC_LoginTestDDT_002.java:34)
	at java.base/java.util.ArrayList.forEach(ArrayList.java:1511)
... Removed 30 stack frames</div></td></tr></table><p class="totop"><a href="#summary">back to summary</a></p>
<h3 id="m1">com.commerce.testCases.TC_LoginTestDDT_002#loginTest</h3><table class="result"><tr class="param"><th>Parameter #1</th><th>Parameter #2</th></tr><tr class="param stripe"><td>adm@yourstore.com</td><td>adm</td></tr><tr><th colspan="2">Exception</th></tr><tr><td colspan="2"><div class="stacktrace">java.lang.AssertionError: Login Failed expected [true] but found [false]
	at com.commerce.testCases.TC_LoginTestDDT_002.loginTest(TC_LoginTestDDT_002.java:34)
	at java.base/java.util.ArrayList.forEach(ArrayList.java:1511)
... Removed 30 stack frames</div></td></tr></table><p class="totop"><a href="#summary">back to summary</a></p>
<h3 id="m2">com.commerce.testCases.TC_LoginTestDDT_002#loginTest</h3><table class="result"><tr class="param"><th>Parameter #1</th><th>Parameter #2</th></tr><tr class="param stripe"><td>adm@yourstore.com</td><td>admin</td></tr><tr><th colspan="2">Exception</th></tr><tr><td colspan="2"><div class="stacktrace">java.lang.AssertionError: Login Failed expected [true] but found [false]
	at com.commerce.testCases.TC_LoginTestDDT_002.loginTest(TC_LoginTestDDT_002.java:34)
	at java.base/java.util.ArrayList.forEach(ArrayList.java:1511)
... Removed 30 stack frames</div></td></tr></table><p class="totop"><a href="#summary">back to summary</a></p>
<h3 id="m3">com.commerce.testCases.TC_AddnewCustomerTest_003#addNewCustomerTest</h3><table class="result"><tr><th class="invisible"/></tr></table><p class="totop"><a href="#summary">back to summary</a></p>
<h3 id="m4">com.commerce.testCases.TC_LoginTestDDT_002#loginTest</h3><table class="result"><tr class="param"><th>Parameter #1</th><th>Parameter #2</th></tr><tr class="param stripe"><td>admin@yourstore.com </td><td>admin</td></tr></table><p class="totop"><a href="#summary">back to summary</a></p>
<h3 id="m5">com.commerce.testCases.TC_LoginTest_001#loginTest</h3><table class="result"><tr><th class="invisible"/></tr></table><p class="totop"><a href="#summary">back to summary</a></p>
<h2>LoginTest2</h2><h3 id="m6">com.commerce.testCases.TC_AddnewCustomerTest_003#addNewCustomerTest</h3><table class="result"><tr><th>Exception</th></tr><tr><td><div class="stacktrace">org.openqa.selenium.ElementNotInteractableException: Element &lt;p&gt; could not be scrolled into view
Build info: version: &apos;4.1.4&apos;, revision: &apos;535d840ee2&apos;
System info: host: &apos;SOURABH&apos;, ip: &apos;192.168.138.235&apos;, os.name: &apos;Windows 10&apos;, os.arch: &apos;amd64&apos;, os.version: &apos;10.0&apos;, java.version: &apos;17.0.2&apos;
Driver info: org.openqa.selenium.firefox.FirefoxDriver
Command: [4551166b-a897-4872-852d-08fa1c403931, clickElement {id=554219cb-caaa-4bef-8dcc-248ee0ba9b72}]
Capabilities {acceptInsecureCerts: true, browserName: firefox, browserVersion: 99.0.1, javascriptEnabled: true, moz:accessibilityChecks: false, moz:buildID: 20220411174855, moz:debuggerAddress: localhost:56609, moz:geckodriverVersion: 0.31.0, moz:headless: false, moz:processID: 8924, moz:profile: C:\Users\MYHP~1\AppData\Loc..., moz:shutdownTimeout: 60000, moz:useNonSpecCompliantPointerOrigin: false, moz:webdriverClick: true, pageLoadStrategy: normal, platform: WINDOWS, platformName: WINDOWS, platformVersion: 10.0, proxy: Proxy(), se:cdp: ws://localhost:56609/devtoo..., se:cdpVersion: 85.0, setWindowRect: true, strictFileInteractability: false, timeouts: {implicit: 0, pageLoad: 300000, script: 30000}, unhandledPromptBehavior: dismiss and notify}
Element: [[FirefoxDriver: firefox on WINDOWS (4551166b-a897-4872-852d-08fa1c403931)] -&gt; xpath: /html/body/div[3]/aside/div/div[4]/div/div/nav/ul/li[4]/ul/li[1]/a/p]
Session ID: 4551166b-a897-4872-852d-08fa1c403931
	at org.openqa.selenium.remote.codec.w3c.W3CHttpResponseCodec.createException(W3CHttpResponseCodec.java:200)
	at org.openqa.selenium.remote.codec.w3c.W3CHttpResponseCodec.decode(W3CHttpResponseCodec.java:133)
	at org.openqa.selenium.remote.codec.w3c.W3CHttpResponseCodec.decode(W3CHttpResponseCodec.java:53)
	at org.openqa.selenium.remote.HttpCommandExecutor.execute(HttpCommandExecutor.java:184)
	at org.openqa.selenium.remote.service.DriverCommandExecutor.invokeExecute(DriverCommandExecutor.java:167)
	at org.openqa.selenium.remote.service.DriverCommandExecutor.execute(DriverCommandExecutor.java:142)
	at org.openqa.selenium.remote.RemoteWebDriver.execute(RemoteWebDriver.java:567)
	at org.openqa.selenium.remote.RemoteWebElement.execute(RemoteWebElement.java:251)
	at org.openqa.selenium.remote.RemoteWebElement.click(RemoteWebElement.java:77)
	at org.openqa.selenium.support.pagefactory.internal.LocatingElementHandler.invoke(LocatingElementHandler.java:52)
	at jdk.proxy2/jdk.proxy2.$Proxy19.click(Unknown Source)
	at com.commerce.pageObjects.AddnewCustomerPage.clickListCustomer(AddnewCustomerPage.java:99)
	at com.commerce.testCases.TC_AddnewCustomerTest_003.addNewCustomerTest(TC_AddnewCustomerTest_003.java:27)
	at java.base/java.util.ArrayList.forEach(ArrayList.java:1511)
... Removed 35 stack frames</div></td></tr></table><p class="totop"><a href="#summary">back to summary</a></p>
<h3 id="m7">com.commerce.testCases.TC_LoginTestDDT_002#loginTest</h3><table class="result"><tr class="param"><th>Parameter #1</th><th>Parameter #2</th></tr><tr class="param stripe"><td>admin@yourstore.com </td><td>adm</td></tr><tr><th colspan="2">Exception</th></tr><tr><td colspan="2"><div class="stacktrace">java.lang.AssertionError: Login Failed expected [true] but found [false]
	at com.commerce.testCases.TC_LoginTestDDT_002.loginTest(TC_LoginTestDDT_002.java:34)
	at java.base/java.util.ArrayList.forEach(ArrayList.java:1511)
... Removed 30 stack frames</div></td></tr></table><p class="totop"><a href="#summary">back to summary</a></p>
<h3 id="m8">com.commerce.testCases.TC_LoginTestDDT_002#loginTest</h3><table class="result"><tr class="param"><th>Parameter #1</th><th>Parameter #2</th></tr><tr class="param stripe"><td>adm@yourstore.com</td><td>admin</td></tr><tr><th colspan="2">Exception</th></tr><tr><td colspan="2"><div class="stacktrace">java.lang.AssertionError: Login Failed expected [true] but found [false]
	at com.commerce.testCases.TC_LoginTestDDT_002.loginTest(TC_LoginTestDDT_002.java:34)
	at java.base/java.util.ArrayList.forEach(ArrayList.java:1511)
... Removed 30 stack frames</div></td></tr></table><p class="totop"><a href="#summary">back to summary</a></p>
<h3 id="m9">com.commerce.testCases.TC_LoginTestDDT_002#loginTest</h3><table class="result"><tr class="param"><th>Parameter #1</th><th>Parameter #2</th></tr><tr class="param stripe"><td>admin@yourstore.com </td><td>admin</td></tr><tr><th colspan="2">Exception</th></tr><tr><td colspan="2"><div class="stacktrace">java.lang.AssertionError: Login Failed expected [true] but found [false]
	at com.commerce.testCases.TC_LoginTestDDT_002.loginTest(TC_LoginTestDDT_002.java:34)
	at java.base/java.util.ArrayList.forEach(ArrayList.java:1511)
... Removed 30 stack frames</div></td></tr></table><p class="totop"><a href="#summary">back to summary</a></p>
<h3 id="m10">com.commerce.testCases.TC_LoginTestDDT_002#loginTest</h3><table class="result"><tr class="param"><th>Parameter #1</th><th>Parameter #2</th></tr><tr class="param stripe"><td>adm@yourstore.com</td><td>adm</td></tr><tr><th colspan="2">Exception</th></tr><tr><td colspan="2"><div class="stacktrace">java.lang.AssertionError: Login Failed expected [true] but found [false]
	at com.commerce.testCases.TC_LoginTestDDT_002.loginTest(TC_LoginTestDDT_002.java:34)
	at java.base/java.util.ArrayList.forEach(ArrayList.java:1511)
... Removed 30 stack frames</div></td></tr></table><p class="totop"><a href="#summary">back to summary</a></p>
<h3 id="m11">com.commerce.testCases.TC_LoginTest_001#loginTest</h3><table class="result"><tr><th class="invisible"/></tr></table><p class="totop"><a href="#summary">back to summary</a></p>
<h2>LoginTest3</h2><h3 id="m12">com.commerce.testCases.TC_LoginTestDDT_002#loginTest</h3><table class="result"><tr class="param"><th>Parameter #1</th><th>Parameter #2</th></tr><tr class="param stripe"><td>adm@yourstore.com</td><td>admin</td></tr><tr><th colspan="2">Exception</th></tr><tr><td colspan="2"><div class="stacktrace">java.lang.AssertionError: Login Failed expected [true] but found [false]
	at com.commerce.testCases.TC_LoginTestDDT_002.loginTest(TC_LoginTestDDT_002.java:34)
	at java.base/java.util.ArrayList.forEach(ArrayList.java:1511)
... Removed 30 stack frames</div></td></tr></table><p class="totop"><a href="#summary">back to summary</a></p>
<h3 id="m13">com.commerce.testCases.TC_LoginTestDDT_002#loginTest</h3><table class="result"><tr class="param"><th>Parameter #1</th><th>Parameter #2</th></tr><tr class="param stripe"><td>admin@yourstore.com </td><td>adm</td></tr><tr><th colspan="2">Exception</th></tr><tr><td colspan="2"><div class="stacktrace">java.lang.AssertionError: Login Failed expected [true] but found [false]
	at com.commerce.testCases.TC_LoginTestDDT_002.loginTest(TC_LoginTestDDT_002.java:34)
	at java.base/java.util.ArrayList.forEach(ArrayList.java:1511)
... Removed 30 stack frames</div></td></tr></table><p class="totop"><a href="#summary">back to summary</a></p>
<h3 id="m14">com.commerce.testCases.TC_LoginTestDDT_002#loginTest</h3><table class="result"><tr class="param"><th>Parameter #1</th><th>Parameter #2</th></tr><tr class="param stripe"><td>adm@yourstore.com</td><td>adm</td></tr><tr><th colspan="2">Exception</th></tr><tr><td colspan="2"><div class="stacktrace">java.lang.AssertionError: Login Failed expected [true] but found [false]
	at com.commerce.testCases.TC_LoginTestDDT_002.loginTest(TC_LoginTestDDT_002.java:34)
	at java.base/java.util.ArrayList.forEach(ArrayList.java:1511)
... Removed 30 stack frames</div></td></tr></table><p class="totop"><a href="#summary">back to summary</a></p>
<h3 id="m15">com.commerce.testCases.TC_AddnewCustomerTest_003#addNewCustomerTest</h3><table class="result"><tr><th class="invisible"/></tr></table><p class="totop"><a href="#summary">back to summary</a></p>
<h3 id="m16">com.commerce.testCases.TC_LoginTestDDT_002#loginTest</h3><table class="result"><tr class="param"><th>Parameter #1</th><th>Parameter #2</th></tr><tr class="param stripe"><td>admin@yourstore.com </td><td>admin</td></tr></table><p class="totop"><a href="#summary">back to summary</a></p>
<h3 id="m17">com.commerce.testCases.TC_LoginTest_001#loginTest</h3><table class="result"><tr><th class="invisible"/></tr></table><p class="totop"><a href="#summary">back to summary</a></p>
</body>
</html>
